<?xml version="1.0" encoding="UTF-8"?>
<testsuite xmlns:xsi="http://www.w3.org/2001/XMLSchema-instance" xsi:noNamespaceSchemaLocation="https://maven.apache.org/surefire/maven-surefire-plugin/xsd/surefire-test-report.xsd" name="com.example.todo.service.TaskServiceTest" time="0.686" tests="5" errors="0" skipped="0" failures="0">
  <properties>
[...]
</properties>
  <testcase name="getTasks_happypath" classname="com.example.todo.service.TaskServiceTest" time="0.666"/>
  <testcase name="justtest" classname="com.example.todo.service.TaskServiceTest$unhappycases" time="0.005"/>
  <testcase name="justtest" classname="com.example.todo.service.TaskServiceTest$happycases" time="0.002"/>
  <testcase name="justtest1" classname="com.example.todo.service.TaskServiceTest$unhappycases" time="0.002"/>
  <testcase name="justtest1" classname="com.example.todo.service.TaskServiceTest$happycases" time="0.001"/>
</testsuite>